<?xml version="1.0" encoding="UTF-8"?>
<testsuite xmlns:xsi="http://www.w3.org/2001/XMLSchema-instance" xsi:noNamespaceSchemaLocation="https://maven.apache.org/surefire/maven-surefire-plugin/xsd/surefire-test-report.xsd" version="3.0.1" name="ca.yorku.cmg.lob.exchange.ExchangeTest" time="0.079" tests="1" errors="1" skipped="0" failures="0">
  <properties>
[...]
</properties>
  <testcase name="testSubmitOrder" classname="ca.yorku.cmg.lob.exchange.ExchangeTest" time="0.038">
    <error message="Unresolved compilation problems: &#10;	____________ cannot be resolved&#10;	_____________________ cannot be resolved to a variable&#10;	Syntax error, insert &quot;VariableDeclarators&quot; to complete LocalVariableDeclaration&#10;	_______________________________________________ cannot be resolved&#10;	____________ cannot be resolved&#10;	Syntax error, insert &quot;VariableDeclarators&quot; to complete LocalVariableDeclaration&#10;	Syntax error on token &quot;;&quot;, delete this token&#10;	Syntax error on token &quot;;&quot;, delete this token&#10;	Syntax error on token &quot;;&quot;, delete this token&#10;	Syntax error on token &quot;;&quot;, delete this token&#10;" type="java.lang.Error"><![CDATA[java.lang.Error: 
Unresolved compilation problems: 
	____________ cannot be resolved
	_____________________ cannot be resolved to a variable
	Syntax error, insert "VariableDeclarators" to complete LocalVariableDeclaration
	_______________________________________________ cannot be resolved
	____________ cannot be resolved
	Syntax error, insert "VariableDeclarators" to complete LocalVariableDeclaration
	Syntax error on token ";", delete this token
	Syntax error on token ";", delete this token
	Syntax error on token ";", delete this token
	Syntax error on token ";", delete this token

	at ca.yorku.cmg.lob.exchange.Exchange.submitOrder(Exchange.java:108)
	at ca.yorku.cmg.lob.exchange.Exchange.processOrderFile(Exchange.java:310)
	at ca.yorku.cmg.lob.exchange.ExchangeTest.testSubmitOrder(ExchangeTest.java:29)
	at java.base/java.lang.reflect.Method.invoke(Method.java:580)
	at java.base/java.util.ArrayList.forEach(ArrayList.java:1597)
	at java.base/java.util.ArrayList.forEach(ArrayList.java:1597)
]]></error>
  </testcase>
</testsuite>